Epoch  44 | Time     4 | Train Loss 10.2033 | Test Loss 5.455 | Test Error 100.00
Epoch  45 | Time     4 | Train Loss 10.1276 | Test Loss 5.454 | Test Error 100.00
Epoch  46 | Time     4 | Train Loss 9.8917 | Test Loss 5.453 | Test Error 100.00
Epoch  47 | Time     4 | Train Loss 9.7050 | Test Loss 5.452 | Test Error 100.00
{'batch_size': 128, 'calibration': True, 'dataset': 'TinyImageNet', 'decay': 0.0005, 'droprate': 0.3, 'epochs': 100, 'layers': 40, 'learning_rate': 0.001, 'load': './snapshots/pretrained', 'm_in': -25.0, 'm_out': -7.0, 'model': 'wrn', 'momentum': 0.9, 'ngpu': 1, 'oe_batch_size': 256, 'prefetch': 4, 'save': './snapshots/OECifar100TinyImgNetOODoe_tune', 'score': 'OE', 'seed': 1, 'test': False, 'test_bs': 200, 'widen_factor': 2}
Model Loaded!
Beginning Training

Epoch  48 | Time     4 | Train Loss 9.3057 | Test Loss 5.453 | Test Error 100.00
Epoch  49 | Time     4 | Train Loss 9.3314 | Test Loss 5.452 | Test Error 100.00
Epoch   1 | Time    10 | Train Loss 6.0644 | Test Loss 6.557 | Test Error 100.00
Epoch  50 | Time     4 | Train Loss 8.9832 | Test Loss 5.451 | Test Error 100.00
Epoch   2 | Time     4 | Train Loss 6.0654 | Test Loss 6.503 | Test Error 100.00
Epoch  51 | Time     4 | Train Loss 8.7276 | Test Loss 5.451 | Test Error 100.00
Epoch   3 | Time     5 | Train Loss 6.0211 | Test Loss 6.449 | Test Error 100.00
Epoch  52 | Time     4 | Train Loss 8.4481 | Test Loss 5.451 | Test Error 100.00
Epoch   4 | Time     4 | Train Loss 6.0328 | Test Loss 6.403 | Test Error 100.00
Epoch  53 | Time     4 | Train Loss 8.2051 | Test Loss 5.451 | Test Error 100.00
Epoch  54 | Time     4 | Train Loss 8.0810 | Test Loss 5.452 | Test Error 100.00
Epoch   5 | Time     5 | Train Loss 6.0255 | Test Loss 6.364 | Test Error 100.00
Epoch  55 | Time     4 | Train Loss 7.7953 | Test Loss 5.452 | Test Error 100.00
Epoch   6 | Time     4 | Train Loss 6.0047 | Test Loss 6.328 | Test Error 100.00
Epoch  56 | Time     4 | Train Loss 7.5494 | Test Loss 5.452 | Test Error 100.00
Epoch   7 | Time     4 | Train Loss 6.0263 | Test Loss 6.297 | Test Error 100.00
Epoch  57 | Time     4 | Train Loss 7.3734 | Test Loss 5.453 | Test Error 100.00
Epoch   8 | Time     4 | Train Loss 5.9612 | Test Loss 6.275 | Test Error 100.00
Epoch  58 | Time     4 | Train Loss 7.1482 | Test Loss 5.454 | Test Error 100.00
Epoch   9 | Time     4 | Train Loss 5.9867 | Test Loss 6.255 | Test Error 100.00
Epoch  59 | Time     4 | Train Loss 6.9001 | Test Loss 5.455 | Test Error 100.00
Epoch  10 | Time     5 | Train Loss 5.9773 | Test Loss 6.245 | Test Error 100.00
Epoch  60 | Time     4 | Train Loss 6.7228 | Test Loss 5.455 | Test Error 100.00
Epoch  11 | Time     4 | Train Loss 5.9656 | Test Loss 6.229 | Test Error 100.00
Epoch  61 | Time     5 | Train Loss 6.4632 | Test Loss 5.455 | Test Error 100.00
Epoch  12 | Time     4 | Train Loss 5.9569 | Test Loss 6.215 | Test Error 100.00
Epoch  62 | Time     4 | Train Loss 6.2482 | Test Loss 5.454 | Test Error 100.00
Epoch  13 | Time     5 | Train Loss 5.9402 | Test Loss 6.206 | Test Error 100.00
Epoch  63 | Time     4 | Train Loss 6.1301 | Test Loss 5.454 | Test Error 100.00
Epoch  14 | Time     5 | Train Loss 5.9558 | Test Loss 6.185 | Test Error 100.00
Epoch  64 | Time     4 | Train Loss 5.9110 | Test Loss 5.454 | Test Error 100.00
Epoch  15 | Time     4 | Train Loss 5.9377 | Test Loss 6.172 | Test Error 100.00
Epoch  65 | Time     4 | Train Loss 5.6603 | Test Loss 5.454 | Test Error 100.00
Epoch  16 | Time     4 | Train Loss 5.9193 | Test Loss 6.155 | Test Error 100.00
Epoch  66 | Time     4 | Train Loss 5.5783 | Test Loss 5.455 | Test Error 100.00
Epoch  17 | Time     4 | Train Loss 5.9153 | Test Loss 6.141 | Test Error 100.00
Epoch  67 | Time     4 | Train Loss 5.3688 | Test Loss 5.455 | Test Error 100.00
Epoch  18 | Time     5 | Train Loss 5.9219 | Test Loss 6.130 | Test Error 100.00
Epoch  68 | Time     4 | Train Loss 5.2350 | Test Loss 5.455 | Test Error 100.00
Epoch  19 | Time     4 | Train Loss 5.9172 | Test Loss 6.119 | Test Error 100.00
Epoch  69 | Time     4 | Train Loss 5.0364 | Test Loss 5.455 | Test Error 100.00
Epoch  20 | Time     5 | Train Loss 5.9158 | Test Loss 6.108 | Test Error 100.00
Epoch  70 | Time     4 | Train Loss 4.9577 | Test Loss 5.454 | Test Error 100.00
Epoch  21 | Time     4 | Train Loss 5.9117 | Test Loss 6.097 | Test Error 100.00
Epoch  71 | Time     4 | Train Loss 4.8245 | Test Loss 5.453 | Test Error 100.00
Epoch  22 | Time     4 | Train Loss 5.9221 | Test Loss 6.081 | Test Error 100.00
Epoch  72 | Time     4 | Train Loss 4.7250 | Test Loss 5.453 | Test Error 100.00
Epoch  23 | Time     4 | Train Loss 5.9109 | Test Loss 6.062 | Test Error 100.00
Epoch  73 | Time     4 | Train Loss 4.5473 | Test Loss 5.453 | Test Error 100.00
Epoch  24 | Time     4 | Train Loss 5.8981 | Test Loss 6.055 | Test Error 100.00
Epoch  74 | Time     4 | Train Loss 4.4840 | Test Loss 5.453 | Test Error 100.00
Epoch  25 | Time     4 | Train Loss 5.8925 | Test Loss 6.045 | Test Error 100.00
Epoch  75 | Time     4 | Train Loss 4.4396 | Test Loss 5.453 | Test Error 100.00
Epoch  26 | Time     4 | Train Loss 5.8891 | Test Loss 6.031 | Test Error 100.00
Epoch  76 | Time     4 | Train Loss 4.3481 | Test Loss 5.452 | Test Error 100.00
Epoch  27 | Time     4 | Train Loss 5.8648 | Test Loss 6.022 | Test Error 100.00
Epoch  77 | Time     4 | Train Loss 4.2685 | Test Loss 5.453 | Test Error 100.00
Epoch  28 | Time     5 | Train Loss 5.8647 | Test Loss 6.009 | Test Error 100.00
Epoch  78 | Time     4 | Train Loss 4.1790 | Test Loss 5.452 | Test Error 100.00
Epoch  29 | Time     4 | Train Loss 5.8759 | Test Loss 5.997 | Test Error 100.00
Epoch  79 | Time     4 | Train Loss 4.0937 | Test Loss 5.452 | Test Error 100.00
Epoch  30 | Time     4 | Train Loss 5.8519 | Test Loss 5.988 | Test Error 100.00
Epoch  80 | Time     4 | Train Loss 4.0326 | Test Loss 5.452 | Test Error 100.00
Epoch  31 | Time     5 | Train Loss 5.8597 | Test Loss 5.983 | Test Error 100.00
Epoch  81 | Time     5 | Train Loss 3.9722 | Test Loss 5.452 | Test Error 100.00
Epoch  32 | Time     5 | Train Loss 5.8627 | Test Loss 5.974 | Test Error 100.00
Epoch  82 | Time     4 | Train Loss 3.9589 | Test Loss 5.451 | Test Error 100.00
Epoch  33 | Time     5 | Train Loss 5.8479 | Test Loss 5.970 | Test Error 100.00
Epoch  83 | Time     4 | Train Loss 3.9190 | Test Loss 5.451 | Test Error 100.00
Epoch  34 | Time     4 | Train Loss 5.8739 | Test Loss 5.965 | Test Error 100.00
Epoch  84 | Time     4 | Train Loss 3.9049 | Test Loss 5.451 | Test Error 100.00
Epoch  35 | Time     4 | Train Loss 5.8366 | Test Loss 5.957 | Test Error 100.00
Epoch  85 | Time     4 | Train Loss 3.8425 | Test Loss 5.451 | Test Error 100.00
Epoch  36 | Time     5 | Train Loss 5.8294 | Test Loss 5.941 | Test Error 100.00
Epoch  86 | Time     4 | Train Loss 3.8206 | Test Loss 5.450 | Test Error 100.00
Epoch  37 | Time     4 | Train Loss 5.8212 | Test Loss 5.920 | Test Error 100.00
Epoch  87 | Time     4 | Train Loss 3.7968 | Test Loss 5.449 | Test Error 100.00
Epoch  38 | Time     4 | Train Loss 5.8268 | Test Loss 5.908 | Test Error 100.00
Epoch  88 | Time     4 | Train Loss 3.7659 | Test Loss 5.449 | Test Error 100.00
Epoch  39 | Time     5 | Train Loss 5.8139 | Test Loss 5.887 | Test Error 100.00
Epoch  89 | Time     4 | Train Loss 3.7443 | Test Loss 5.449 | Test Error 100.00
Epoch  40 | Time     4 | Train Loss 5.8308 | Test Loss 5.866 | Test Error 99.99
Epoch  90 | Time     4 | Train Loss 3.7208 | Test Loss 5.450 | Test Error 100.00
Epoch  41 | Time     4 | Train Loss 5.8116 | Test Loss 5.864 | Test Error 99.99
Epoch  91 | Time     4 | Train Loss 3.7256 | Test Loss 5.450 | Test Error 100.00
Epoch  42 | Time     5 | Train Loss 5.8213 | Test Loss 5.847 | Test Error 99.99
Epoch  92 | Time     4 | Train Loss 3.6669 | Test Loss 5.450 | Test Error 100.00
Epoch  93 | Time     4 | Train Loss 3.6709 | Test Loss 5.450 | Test Error 100.00
Epoch  43 | Time     4 | Train Loss 5.8004 | Test Loss 5.837 | Test Error 99.99
Epoch  94 | Time     4 | Train Loss 3.6569 | Test Loss 5.449 | Test Error 100.00
Epoch  44 | Time     4 | Train Loss 5.8055 | Test Loss 5.824 | Test Error 99.99
Epoch  95 | Time     4 | Train Loss 3.6473 | Test Loss 5.449 | Test Error 100.00
Epoch  45 | Time     4 | Train Loss 5.8062 | Test Loss 5.801 | Test Error 99.99
Epoch  96 | Time     4 | Train Loss 3.6219 | Test Loss 5.449 | Test Error 100.00
Epoch  46 | Time     4 | Train Loss 5.7934 | Test Loss 5.782 | Test Error 99.99
Epoch  97 | Time     4 | Train Loss 3.6240 | Test Loss 5.448 | Test Error 100.00
Epoch  47 | Time     4 | Train Loss 5.8014 | Test Loss 5.766 | Test Error 99.99
Epoch  98 | Time     4 | Train Loss 3.6180 | Test Loss 5.448 | Test Error 100.00
Epoch  48 | Time     4 | Train Loss 5.7604 | Test Loss 5.754 | Test Error 99.99
Epoch  99 | Time     4 | Train Loss 3.6050 | Test Loss 5.448 | Test Error 100.00
Epoch  49 | Time     4 | Train Loss 5.7741 | Test Loss 5.743 | Test Error 99.99
Epoch 100 | Time     4 | Train Loss 3.5955 | Test Loss 5.448 | Test Error 100.00
Epoch  50 | Time     4 | Train Loss 5.7491 | Test Loss 5.725 | Test Error 99.99
Epoch  51 | Time     4 | Train Loss 5.7509 | Test Loss 5.704 | Test Error 99.99
Epoch  52 | Time     4 | Train Loss 5.7738 | Test Loss 5.687 | Test Error 99.99
Epoch  53 | Time     5 | Train Loss 5.7433 | Test Loss 5.678 | Test Error 99.99
Epoch  54 | Time     5 | Train Loss 5.7525 | Test Loss 5.680 | Test Error 99.99
Epoch  55 | Time     4 | Train Loss 5.7483 | Test Loss 5.670 | Test Error 99.99
Epoch  56 | Time     4 | Train Loss 5.7417 | Test Loss 5.656 | Test Error 99.99
Epoch  57 | Time     4 | Train Loss 5.7160 | Test Loss 5.649 | Test Error 99.99
Epoch  58 | Time     4 | Train Loss 5.7048 | Test Loss 5.650 | Test Error 99.99
Epoch  59 | Time     4 | Train Loss 5.7218 | Test Loss 5.645 | Test Error 99.98
Epoch  60 | Time     4 | Train Loss 5.6889 | Test Loss 5.640 | Test Error 99.98
Epoch  61 | Time     4 | Train Loss 5.6915 | Test Loss 5.632 | Test Error 99.98
Epoch  62 | Time     4 | Train Loss 5.6656 | Test Loss 5.627 | Test Error 99.98
Epoch  63 | Time     4 | Train Loss 5.6639 | Test Loss 5.617 | Test Error 99.98
Epoch  64 | Time     4 | Train Loss 5.6327 | Test Loss 5.605 | Test Error 99.98
Epoch  65 | Time     4 | Train Loss 5.6741 | Test Loss 5.595 | Test Error 99.98
Epoch  66 | Time     4 | Train Loss 5.6476 | Test Loss 5.596 | Test Error 99.98
Epoch  67 | Time     5 | Train Loss 5.6356 | Test Loss 5.604 | Test Error 99.98
Epoch  68 | Time     4 | Train Loss 5.6488 | Test Loss 5.600 | Test Error 99.98
Epoch  69 | Time     4 | Train Loss 5.6117 | Test Loss 5.596 | Test Error 99.98
Epoch  70 | Time     4 | Train Loss 5.6450 | Test Loss 5.581 | Test Error 99.98
Epoch  71 | Time     4 | Train Loss 5.6271 | Test Loss 5.562 | Test Error 99.97
Epoch  72 | Time     4 | Train Loss 5.5751 | Test Loss 5.548 | Test Error 99.97
Epoch  73 | Time     4 | Train Loss 5.5934 | Test Loss 5.542 | Test Error 99.95
Epoch  74 | Time     5 | Train Loss 5.5673 | Test Loss 5.540 | Test Error 99.95
Epoch  75 | Time     5 | Train Loss 5.6315 | Test Loss 5.533 | Test Error 99.96
Epoch  76 | Time     4 | Train Loss 5.5553 | Test Loss 5.529 | Test Error 99.96
Epoch  77 | Time     4 | Train Loss 5.5959 | Test Loss 5.531 | Test Error 99.96
Epoch  78 | Time     4 | Train Loss 5.5710 | Test Loss 5.518 | Test Error 99.96
Epoch  79 | Time     4 | Train Loss 5.5374 | Test Loss 5.507 | Test Error 99.95
Epoch  80 | Time     4 | Train Loss 5.5297 | Test Loss 5.497 | Test Error 99.96
Epoch  81 | Time     4 | Train Loss 5.5138 | Test Loss 5.488 | Test Error 99.95
Epoch  82 | Time     4 | Train Loss 5.5199 | Test Loss 5.486 | Test Error 99.95
Epoch  83 | Time     4 | Train Loss 5.5048 | Test Loss 5.473 | Test Error 99.92
Epoch  84 | Time     4 | Train Loss 5.4956 | Test Loss 5.461 | Test Error 99.92
Epoch  85 | Time     4 | Train Loss 5.4905 | Test Loss 5.453 | Test Error 99.92
Epoch  86 | Time     4 | Train Loss 5.4806 | Test Loss 5.433 | Test Error 99.92
Epoch  87 | Time     4 | Train Loss 5.5028 | Test Loss 5.415 | Test Error 99.88
Epoch  88 | Time     4 | Train Loss 5.4522 | Test Loss 5.411 | Test Error 99.88
Epoch  89 | Time     4 | Train Loss 5.4673 | Test Loss 5.406 | Test Error 99.88
Epoch  90 | Time     4 | Train Loss 5.4104 | Test Loss 5.402 | Test Error 99.86
Epoch  91 | Time     4 | Train Loss 5.4591 | Test Loss 5.394 | Test Error 99.87
Epoch  92 | Time     4 | Train Loss 5.4102 | Test Loss 5.392 | Test Error 99.88
Epoch  93 | Time     4 | Train Loss 5.4255 | Test Loss 5.385 | Test Error 99.85
Epoch  94 | Time     5 | Train Loss 5.4004 | Test Loss 5.371 | Test Error 99.85
Epoch  95 | Time     5 | Train Loss 5.4023 | Test Loss 5.358 | Test Error 99.82
Epoch  96 | Time     5 | Train Loss 5.3525 | Test Loss 5.360 | Test Error 99.83
Epoch  97 | Time     4 | Train Loss 5.4056 | Test Loss 5.365 | Test Error 99.86
Epoch  98 | Time     4 | Train Loss 5.3610 | Test Loss 5.363 | Test Error 99.80
Epoch  99 | Time     4 | Train Loss 5.3861 | Test Loss 5.362 | Test Error 99.80
Epoch 100 | Time     4 | Train Loss 5.3507 | Test Loss 5.372 | Test Error 99.83
